mobile/build/app/intermediates/manifest_merge_blame_file/debug/processDebugMainManifest/manifest-merger-blame-debug-report.txt
1<?xml version="1.0" encoding="utf-8"?>
2<manifest xmlns:android="http://schemas.android.com/apk/res/android"
3    package="ml.jufa.app"
4    android:versionCode="1"
5    android:versionName="1.0.0" >
6
7    <uses-sdk
8        android:minSdkVersion="21"
9        android:targetSdkVersion="35" />
10    <!--
11         The INTERNET permission is required for development. Specifically,
12         the Flutter tool needs it to communicate with the running application
13         to allow setting breakpoints, to provide hot reload, etc.
14    -->
15    <uses-permission android:name="android.permission.INTERNET" />
15-->src/main/AndroidManifest.xml:2:5-66
15-->src/main/AndroidManifest.xml:2:22-64
16    <!--
17     Required to query activities that can process text, see:
18         https://developer.android.com/training/package-visibility and
19         https://developer.android.com/reference/android/content/Intent#ACTION_PROCESS_TEXT.
20
21         In particular, this is used by the Flutter engine in io.flutter.plugin.text.ProcessTextPlugin.
22    -->
23    <queries>
23-->src/main/AndroidManifest.xml:41:5-46:15
24        <intent>
24-->src/main/AndroidManifest.xml:42:9-45:18
25            <action android:name="android.intent.action.PROCESS_TEXT" />
25-->src/main/AndroidManifest.xml:43:13-72
25-->src/main/AndroidManifest.xml:43:21-70
26
27            <data android:mimeType="text/plain" />
27-->src/main/AndroidManifest.xml:44:13-50
27-->src/main/AndroidManifest.xml:44:19-48
28        </intent>
29    </queries>
30
31    <uses-permission android:name="android.permission.CAMERA" />
31-->[:mobile_scanner] AndroidManifest.xml:7:5-65
31-->[:mobile_scanner] AndroidManifest.xml:7:22-62
32
33    <uses-feature
33-->[:mobile_scanner] AndroidManifest.xml:9:5-11:36
34        android:name="android.hardware.camera"
34-->[:mobile_scanner] AndroidManifest.xml:10:9-47
35        android:required="false" />
35-->[:mobile_scanner] AndroidManifest.xml:11:9-33
36
37    <uses-permission android:name="android.permission.WAKE_LOCK" />
37-->[:firebase_messaging] AndroidManifest.xml:8:5-68
37-->[:firebase_messaging] AndroidManifest.xml:8:22-65
38    <uses-permission android:name="android.permission.ACCESS_NETWORK_STATE" /> <!-- Permissions options for the `notification` group -->
38-->[:firebase_messaging] AndroidManifest.xml:9:5-79
38-->[:firebase_messaging] AndroidManifest.xml:9:22-76
39    <uses-permission android:name="android.permission.POST_NOTIFICATIONS" /> <!-- Required by older versions of Google Play services to create IID tokens -->
39-->[:firebase_messaging] AndroidManifest.xml:11:5-77
39-->[:firebase_messaging] AndroidManifest.xml:11:22-74
40    <uses-permission android:name="com.google.android.c2dm.permission.RECEIVE" />
40-->[com.google.firebase:firebase-messaging:23.4.1] AndroidManifest.xml:26:5-82
40-->[com.google.firebase:firebase-messaging:23.4.1] AndroidManifest.xml:26:22-79
41    <uses-permission android:name="android.permission.VIBRATE" />
41-->[:flutter_local_notifications] AndroidManifest.xml:7:5-66
41-->[:flutter_local_notifications] AndroidManifest.xml:7:22-63
42    <uses-permission android:name="android.permission.USE_BIOMETRIC" /> <!-- suppress DeprecatedClassUsageInspection -->
42-->[:local_auth_android] AndroidManifest.xml:7:5-72
42-->[:local_auth_android] AndroidManifest.xml:7:22-69
43    <uses-permission android:name="android.permission.USE_FINGERPRINT" />
43-->[androidx.biometric:biometric:1.1.0] AndroidManifest.xml:27:5-74
43-->[androidx.biometric:biometric:1.1.0] AndroidManifest.xml:27:22-71
44
45    <permission
45-->[androidx.core:core:1.13.1] AndroidManifest.xml:22:5-24:47
46        android:name="ml.jufa.app.DYNAMIC_RECEIVER_NOT_EXPORTED_PERMISSION"
46-->[androidx.core:core:1.13.1] AndroidManifest.xml:23:9-81
47        android:protectionLevel="signature" />
47-->[androidx.core:core:1.13.1] AndroidManifest.xml:24:9-44
48
49    <uses-permission android:name="ml.jufa.app.DYNAMIC_RECEIVER_NOT_EXPORTED_PERMISSION" />
49-->[androidx.core:core:1.13.1] AndroidManifest.xml:26:5-97
49-->[androidx.core:core:1.13.1] AndroidManifest.xml:26:22-94
50
51    <application
52        android:name="android.app.Application"
53        android:appComponentFactory="androidx.core.app.CoreComponentFactory"
53-->[androidx.core:core:1.13.1] AndroidManifest.xml:28:18-86
54        android:debuggable="true"
55        android:extractNativeLibs="true"
56        android:icon="@mipmap/ic_launcher"
57        android:label="JUFA"
58        android:usesCleartextTraffic="true" >
59        <activity
60            android:name="ml.jufa.app.MainActivity"
61            android:configChanges="orientation|keyboardHidden|keyboard|screenSize|smallestScreenSize|locale|layoutDirection|fontScale|screenLayout|density|uiMode"
62            android:exported="true"
63            android:hardwareAccelerated="true"
64            android:launchMode="singleTop"
65            android:taskAffinity=""
66            android:theme="@style/LaunchTheme"
67            android:windowSoftInputMode="adjustResize" >
68
69            <!--
70                 Specifies an Android theme to apply to this Activity as soon as
71                 the Android process has started. This theme is visible to the user
72                 while the Flutter UI initializes. After that, this theme continues
73                 to determine the Window background behind the Flutter UI.
74            -->
75            <meta-data
76                android:name="io.flutter.embedding.android.NormalTheme"
77                android:resource="@style/NormalTheme" />
78
79            <intent-filter>
80                <action android:name="android.intent.action.MAIN" />
81
82                <category android:name="android.intent.category.LAUNCHER" />
83            </intent-filter>
84        </activity>
85        <!--
86             Don't delete the meta-data below.
87             This is used by the Flutter tool to generate GeneratedPluginRegistrant.java
88        -->
89        <meta-data
90            android:name="flutterEmbedding"
91            android:value="2" />
92
93        <service
93-->[:firebase_messaging] AndroidManifest.xml:14:9-17:72
94            android:name="io.flutter.plugins.firebase.messaging.FlutterFirebaseMessagingBackgroundService"
94-->[:firebase_messaging] AndroidManifest.xml:15:13-107
95            android:exported="false"
95-->[:firebase_messaging] AndroidManifest.xml:16:13-37
96            android:permission="android.permission.BIND_JOB_SERVICE" />
96-->[:firebase_messaging] AndroidManifest.xml:17:13-69
97        <service
97-->[:firebase_messaging] AndroidManifest.xml:18:9-24:19
98            android:name="io.flutter.plugins.firebase.messaging.FlutterFirebaseMessagingService"
98-->[:firebase_messaging] AndroidManifest.xml:19:13-97
99            android:exported="false" >
99-->[:firebase_messaging] AndroidManifest.xml:20:13-37
100            <intent-filter>
100-->[:firebase_messaging] AndroidManifest.xml:21:13-23:29
101                <action android:name="com.google.firebase.MESSAGING_EVENT" />
101-->[:firebase_messaging] AndroidManifest.xml:22:17-78
101-->[:firebase_messaging] AndroidManifest.xml:22:25-75
102            </intent-filter>
103        </service>
104
105        <receiver
105-->[:firebase_messaging] AndroidManifest.xml:26:9-33:20
106            android:name="io.flutter.plugins.firebase.messaging.FlutterFirebaseMessagingReceiver"
106-->[:firebase_messaging] AndroidManifest.xml:27:13-98
107            android:exported="true"
107-->[:firebase_messaging] AndroidManifest.xml:28:13-36
108            android:permission="com.google.android.c2dm.permission.SEND" >
108-->[:firebase_messaging] AndroidManifest.xml:29:13-73
109            <intent-filter>
109-->[:firebase_messaging] AndroidManifest.xml:30:13-32:29
110                <action android:name="com.google.android.c2dm.intent.RECEIVE" />
110-->[:firebase_messaging] AndroidManifest.xml:31:17-81
110-->[:firebase_messaging] AndroidManifest.xml:31:25-78
111            </intent-filter>
112        </receiver>
113
114        <service
114-->[:firebase_messaging] AndroidManifest.xml:35:9-39:19
115            android:name="com.google.firebase.components.ComponentDiscoveryService"
115-->[:firebase_messaging] AndroidManifest.xml:35:18-89
116            android:directBootAware="true"
116-->[com.google.firebase:firebase-common:20.4.3] AndroidManifest.xml:32:13-43
117            android:exported="false" >
117-->[com.google.firebase:firebase-messaging:23.4.1] AndroidManifest.xml:56:13-37
118            <meta-data
118-->[:firebase_messaging] AndroidManifest.xml:36:13-38:85
119                android:name="com.google.firebase.components:io.flutter.plugins.firebase.messaging.FlutterFirebaseAppRegistrar"
119-->[:firebase_messaging] AndroidManifest.xml:37:17-128
120                android:value="com.google.firebase.components.ComponentRegistrar" />
120-->[:firebase_messaging] AndroidManifest.xml:38:17-82
121            <meta-data
121-->[:firebase_core] AndroidManifest.xml:9:13-11:85
122                android:name="com.google.firebase.components:io.flutter.plugins.firebase.core.FlutterFirebaseCoreRegistrar"
122-->[:firebase_core] AndroidManifest.xml:10:17-124
123                android:value="com.google.firebase.components.ComponentRegistrar" />
123-->[:firebase_core] AndroidManifest.xml:11:17-82
124            <meta-data
124-->[com.google.firebase:firebase-messaging:23.4.1] AndroidManifest.xml:57:13-59:85
125                android:name="com.google.firebase.components:com.google.firebase.messaging.FirebaseMessagingKtxRegistrar"
125-->[com.google.firebase:firebase-messaging:23.4.1] AndroidManifest.xml:58:17-122
126                android:value="com.google.firebase.components.ComponentRegistrar" />
126-->[com.google.firebase:firebase-messaging:23.4.1] AndroidManifest.xml:59:17-82
127            <meta-data
127-->[com.google.firebase:firebase-messaging:23.4.1] AndroidManifest.xml:60:13-62:85
128                android:name="com.google.firebase.components:com.google.firebase.messaging.FirebaseMessagingRegistrar"
128-->[com.google.firebase:firebase-messaging:23.4.1] AndroidManifest.xml:61:17-119
129                android:value="com.google.firebase.components.ComponentRegistrar" />
129-->[com.google.firebase:firebase-messaging:23.4.1] AndroidManifest.xml:62:17-82
130            <meta-data
130-->[com.google.firebase:firebase-installations:17.2.0] AndroidManifest.xml:15:13-17:85
131                android:name="com.google.firebase.components:com.google.firebase.installations.FirebaseInstallationsKtxRegistrar"
131-->[com.google.firebase:firebase-installations:17.2.0] AndroidManifest.xml:16:17-130
132                android:value="com.google.firebase.components.ComponentRegistrar" />
132-->[com.google.firebase:firebase-installations:17.2.0] AndroidManifest.xml:17:17-82
133            <meta-data
133-->[com.google.firebase:firebase-installations:17.2.0] AndroidManifest.xml:18:13-20:85
134                android:name="com.google.firebase.components:com.google.firebase.installations.FirebaseInstallationsRegistrar"
134-->[com.google.firebase:firebase-installations:17.2.0] AndroidManifest.xml:19:17-127
135                android:value="com.google.firebase.components.ComponentRegistrar" />
135-->[com.google.firebase:firebase-installations:17.2.0] AndroidManifest.xml:20:17-82
136            <meta-data
136-->[com.google.firebase:firebase-common-ktx:20.4.3] AndroidManifest.xml:12:13-14:85
137                android:name="com.google.firebase.components:com.google.firebase.ktx.FirebaseCommonLegacyRegistrar"
137-->[com.google.firebase:firebase-common-ktx:20.4.3] AndroidManifest.xml:13:17-116
138                android:value="com.google.firebase.components.ComponentRegistrar" />
138-->[com.google.firebase:firebase-common-ktx:20.4.3] AndroidManifest.xml:14:17-82
139            <meta-data
139-->[com.google.firebase:firebase-common:20.4.3] AndroidManifest.xml:35:13-37:85
140                android:name="com.google.firebase.components:com.google.firebase.FirebaseCommonKtxRegistrar"
140-->[com.google.firebase:firebase-common:20.4.3] AndroidManifest.xml:36:17-109
141                android:value="com.google.firebase.components.ComponentRegistrar" />
141-->[com.google.firebase:firebase-common:20.4.3] AndroidManifest.xml:37:17-82
142            <meta-data
142-->[com.google.firebase:firebase-datatransport:18.1.7] AndroidManifest.xml:27:13-29:85
143                android:name="com.google.firebase.components:com.google.firebase.datatransport.TransportRegistrar"
143-->[com.google.firebase:firebase-datatransport:18.1.7] AndroidManifest.xml:28:17-115
144                android:value="com.google.firebase.components.ComponentRegistrar" />
144-->[com.google.firebase:firebase-datatransport:18.1.7] AndroidManifest.xml:29:17-82
145        </service>
146
147        <provider
147-->[:firebase_messaging] AndroidManifest.xml:41:9-45:38
148            android:name="io.flutter.plugins.firebase.messaging.FlutterFirebaseMessagingInitProvider"
148-->[:firebase_messaging] AndroidManifest.xml:42:13-102
149            android:authorities="ml.jufa.app.flutterfirebasemessaginginitprovider"
149-->[:firebase_messaging] AndroidManifest.xml:43:13-88
150            android:exported="false"
150-->[:firebase_messaging] AndroidManifest.xml:44:13-37
151            android:initOrder="99" />
151-->[:firebase_messaging] AndroidManifest.xml:45:13-35
152
153        <receiver
153-->[com.google.firebase:firebase-messaging:23.4.1] AndroidManifest.xml:29:9-40:20
154            android:name="com.google.firebase.iid.FirebaseInstanceIdReceiver"
154-->[com.google.firebase:firebase-messaging:23.4.1] AndroidManifest.xml:30:13-78
155            android:exported="true"
155-->[com.google.firebase:firebase-messaging:23.4.1] AndroidManifest.xml:31:13-36
156            android:permission="com.google.android.c2dm.permission.SEND" >
156-->[com.google.firebase:firebase-messaging:23.4.1] AndroidManifest.xml:32:13-73
157            <intent-filter>
157-->[:firebase_messaging] AndroidManifest.xml:30:13-32:29
158                <action android:name="com.google.android.c2dm.intent.RECEIVE" />
158-->[:firebase_messaging] AndroidManifest.xml:31:17-81
158-->[:firebase_messaging] AndroidManifest.xml:31:25-78
159            </intent-filter>
160
161            <meta-data
161-->[com.google.firebase:firebase-messaging:23.4.1] AndroidManifest.xml:37:13-39:40
162                android:name="com.google.android.gms.cloudmessaging.FINISHED_AFTER_HANDLED"
162-->[com.google.firebase:firebase-messaging:23.4.1] AndroidManifest.xml:38:17-92
163                android:value="true" />
163-->[com.google.firebase:firebase-messaging:23.4.1] AndroidManifest.xml:39:17-37
164        </receiver>
165        <!--
166             FirebaseMessagingService performs security checks at runtime,
167             but set to not exported to explicitly avoid allowing another app to call it.
168        -->
169        <service
169-->[com.google.firebase:firebase-messaging:23.4.1] AndroidManifest.xml:46:9-53:19
170            android:name="com.google.firebase.messaging.FirebaseMessagingService"
170-->[com.google.firebase:firebase-messaging:23.4.1] AndroidManifest.xml:47:13-82
171            android:directBootAware="true"
171-->[com.google.firebase:firebase-messaging:23.4.1] AndroidManifest.xml:48:13-43
172            android:exported="false" >
172-->[com.google.firebase:firebase-messaging:23.4.1] AndroidManifest.xml:49:13-37
173            <intent-filter android:priority="-500" >
173-->[:firebase_messaging] AndroidManifest.xml:21:13-23:29
174                <action android:name="com.google.firebase.MESSAGING_EVENT" />
174-->[:firebase_messaging] AndroidManifest.xml:22:17-78
174-->[:firebase_messaging] AndroidManifest.xml:22:25-75
175            </intent-filter>
176        </service>
177
178        <provider
178-->[:image_picker_android] AndroidManifest.xml:9:9-17:20
179            android:name="io.flutter.plugins.imagepicker.ImagePickerFileProvider"
179-->[:image_picker_android] AndroidManifest.xml:10:13-82
180            android:authorities="ml.jufa.app.flutter.image_provider"
180-->[:image_picker_android] AndroidManifest.xml:11:13-74
181            android:exported="false"
181-->[:image_picker_android] AndroidManifest.xml:12:13-37
182            android:grantUriPermissions="true" >
182-->[:image_picker_android] AndroidManifest.xml:13:13-47
183            <meta-data
183-->[:image_picker_android] AndroidManifest.xml:14:13-16:75
184                android:name="android.support.FILE_PROVIDER_PATHS"
184-->[:image_picker_android] AndroidManifest.xml:15:17-67
185                android:resource="@xml/flutter_image_picker_file_paths" />
185-->[:image_picker_android] AndroidManifest.xml:16:17-72
186        </provider> <!-- Trigger Google Play services to install the backported photo picker module. -->
187        <service
187-->[:image_picker_android] AndroidManifest.xml:19:9-31:19
188            android:name="com.google.android.gms.metadata.ModuleDependencies"
188-->[:image_picker_android] AndroidManifest.xml:20:13-78
189            android:enabled="false"
189-->[:image_picker_android] AndroidManifest.xml:21:13-36
190            android:exported="false" >
190-->[:image_picker_android] AndroidManifest.xml:22:13-37
191            <intent-filter>
191-->[:image_picker_android] AndroidManifest.xml:24:13-26:29
192                <action android:name="com.google.android.gms.metadata.MODULE_DEPENDENCIES" />
192-->[:image_picker_android] AndroidManifest.xml:25:17-94
192-->[:image_picker_android] AndroidManifest.xml:25:25-91
193            </intent-filter>
194
195            <meta-data
195-->[:image_picker_android] AndroidManifest.xml:28:13-30:36
196                android:name="photopicker_activity:0:required"
196-->[:image_picker_android] AndroidManifest.xml:29:17-63
197                android:value="" />
197-->[:image_picker_android] AndroidManifest.xml:30:17-33
198        </service>
199        <!--
200        Service for holding metadata. Cannot be instantiated.
201        Metadata will be merged from other manifests.
202        -->
203        <service
203-->[androidx.camera:camera-core:1.3.3] AndroidManifest.xml:29:9-33:78
204            android:name="androidx.camera.core.impl.MetadataHolderService"
204-->[androidx.camera:camera-core:1.3.3] AndroidManifest.xml:30:13-75
205            android:enabled="false"
205-->[androidx.camera:camera-core:1.3.3] AndroidManifest.xml:31:13-36
206            android:exported="false" >
206-->[androidx.camera:camera-core:1.3.3] AndroidManifest.xml:32:13-37
207            <meta-data
207-->[androidx.camera:camera-camera2:1.3.3] AndroidManifest.xml:30:13-32:89
208                android:name="androidx.camera.core.impl.MetadataHolderService.DEFAULT_CONFIG_PROVIDER"
208-->[androidx.camera:camera-camera2:1.3.3] AndroidManifest.xml:31:17-103
209                android:value="androidx.camera.camera2.Camera2Config$DefaultProvider" />
209-->[androidx.camera:camera-camera2:1.3.3] AndroidManifest.xml:32:17-86
210        </service>
211
212        <uses-library
212-->[androidx.window:window:1.2.0] AndroidManifest.xml:23:9-25:40
213            android:name="androidx.window.extensions"
213-->[androidx.window:window:1.2.0] AndroidManifest.xml:24:13-54
214            android:required="false" />
214-->[androidx.window:window:1.2.0] AndroidManifest.xml:25:13-37
215        <uses-library
215-->[androidx.window:window:1.2.0] AndroidManifest.xml:26:9-28:40
216            android:name="androidx.window.sidecar"
216-->[androidx.window:window:1.2.0] AndroidManifest.xml:27:13-51
217            android:required="false" />
217-->[androidx.window:window:1.2.0] AndroidManifest.xml:28:13-37
218
219        <activity
219-->[com.google.android.gms:play-services-auth:20.7.0] AndroidManifest.xml:23:9-27:75
220            android:name="com.google.android.gms.auth.api.signin.internal.SignInHubActivity"
220-->[com.google.android.gms:play-services-auth:20.7.0] AndroidManifest.xml:24:13-93
221            android:excludeFromRecents="true"
221-->[com.google.android.gms:play-services-auth:20.7.0] AndroidManifest.xml:25:13-46
222            android:exported="false"
222-->[com.google.android.gms:play-services-auth:20.7.0] AndroidManifest.xml:26:13-37
223            android:theme="@android:style/Theme.Translucent.NoTitleBar" />
223-->[com.google.android.gms:play-services-auth:20.7.0] AndroidManifest.xml:27:13-72
224        <!--
225            Service handling Google Sign-In user revocation. For apps that do not integrate with
226            Google Sign-In, this service will never be started.
227        -->
228        <service
228-->[com.google.android.gms:play-services-auth:20.7.0] AndroidManifest.xml:33:9-37:51
229            android:name="com.google.android.gms.auth.api.signin.RevocationBoundService"
229-->[com.google.android.gms:play-services-auth:20.7.0] AndroidManifest.xml:34:13-89
230            android:exported="true"
230-->[com.google.android.gms:play-services-auth:20.7.0] AndroidManifest.xml:35:13-36
231            android:permission="com.google.android.gms.auth.api.signin.permission.REVOCATION_NOTIFICATION"
231-->[com.google.android.gms:play-services-auth:20.7.0] AndroidManifest.xml:36:13-107
232            android:visibleToInstantApps="true" />
232-->[com.google.android.gms:play-services-auth:20.7.0] AndroidManifest.xml:37:13-48
233
234        <provider
234-->[com.google.firebase:firebase-common:20.4.3] AndroidManifest.xml:23:9-28:39
235            android:name="com.google.firebase.provider.FirebaseInitProvider"
235-->[com.google.firebase:firebase-common:20.4.3] AndroidManifest.xml:24:13-77
236            android:authorities="ml.jufa.app.firebaseinitprovider"
236-->[com.google.firebase:firebase-common:20.4.3] AndroidManifest.xml:25:13-72
237            android:directBootAware="true"
237-->[com.google.firebase:firebase-common:20.4.3] AndroidManifest.xml:26:13-43
238            android:exported="false"
238-->[com.google.firebase:firebase-common:20.4.3] AndroidManifest.xml:27:13-37
239            android:initOrder="100" />
239-->[com.google.firebase:firebase-common:20.4.3] AndroidManifest.xml:28:13-36
240
241        <service
241-->[com.google.android.gms:play-services-mlkit-barcode-scanning:18.3.0] AndroidManifest.xml:9:9-15:19
242            android:name="com.google.mlkit.common.internal.MlKitComponentDiscoveryService"
242-->[com.google.android.gms:play-services-mlkit-barcode-scanning:18.3.0] AndroidManifest.xml:10:13-91
243            android:directBootAware="true"
243-->[com.google.mlkit:common:18.9.0] AndroidManifest.xml:17:13-43
244            android:exported="false" >
244-->[com.google.android.gms:play-services-mlkit-barcode-scanning:18.3.0] AndroidManifest.xml:11:13-37
245            <meta-data
245-->[com.google.android.gms:play-services-mlkit-barcode-scanning:18.3.0] AndroidManifest.xml:12:13-14:85
246                android:name="com.google.firebase.components:com.google.mlkit.vision.barcode.internal.BarcodeRegistrar"
246-->[com.google.android.gms:play-services-mlkit-barcode-scanning:18.3.0] AndroidManifest.xml:13:17-120
247                android:value="com.google.firebase.components.ComponentRegistrar" />
247-->[com.google.android.gms:play-services-mlkit-barcode-scanning:18.3.0] AndroidManifest.xml:14:17-82
248            <meta-data
248-->[com.google.mlkit:vision-common:17.3.0] AndroidManifest.xml:12:13-14:85
249                android:name="com.google.firebase.components:com.google.mlkit.vision.common.internal.VisionCommonRegistrar"
249-->[com.google.mlkit:vision-common:17.3.0] AndroidManifest.xml:13:17-124
250                android:value="com.google.firebase.components.ComponentRegistrar" />
250-->[com.google.mlkit:vision-common:17.3.0] AndroidManifest.xml:14:17-82
251            <meta-data
251-->[com.google.mlkit:common:18.9.0] AndroidManifest.xml:20:13-22:85
252                android:name="com.google.firebase.components:com.google.mlkit.common.internal.CommonComponentRegistrar"
252-->[com.google.mlkit:common:18.9.0] AndroidManifest.xml:21:17-120
253                android:value="com.google.firebase.components.ComponentRegistrar" />
253-->[com.google.mlkit:common:18.9.0] AndroidManifest.xml:22:17-82
254        </service>
255
256        <provider
256-->[com.google.mlkit:common:18.9.0] AndroidManifest.xml:9:9-13:38
257            android:name="com.google.mlkit.common.internal.MlKitInitProvider"
257-->[com.google.mlkit:common:18.9.0] AndroidManifest.xml:10:13-78
258            android:authorities="ml.jufa.app.mlkitinitprovider"
258-->[com.google.mlkit:common:18.9.0] AndroidManifest.xml:11:13-69
259            android:exported="false"
259-->[com.google.mlkit:common:18.9.0] AndroidManifest.xml:12:13-37
260            android:initOrder="99" />
260-->[com.google.mlkit:common:18.9.0] AndroidManifest.xml:13:13-35
261
262        <activity
262-->[com.google.android.gms:play-services-base:18.1.0] AndroidManifest.xml:20:9-22:45
263            android:name="com.google.android.gms.common.api.GoogleApiActivity"
263-->[com.google.android.gms:play-services-base:18.1.0] AndroidManifest.xml:20:19-85
264            android:exported="false"
264-->[com.google.android.gms:play-services-base:18.1.0] AndroidManifest.xml:22:19-43
265            android:theme="@android:style/Theme.Translucent.NoTitleBar" />
265-->[com.google.android.gms:play-services-base:18.1.0] AndroidManifest.xml:21:19-78
266
267        <provider
267-->[androidx.lifecycle:lifecycle-process:2.7.0] AndroidManifest.xml:24:9-32:20
268            android:name="androidx.startup.InitializationProvider"
268-->[androidx.lifecycle:lifecycle-process:2.7.0] AndroidManifest.xml:25:13-67
269            android:authorities="ml.jufa.app.androidx-startup"
269-->[androidx.lifecycle:lifecycle-process:2.7.0] AndroidManifest.xml:26:13-68
270            android:exported="false" >
270-->[androidx.lifecycle:lifecycle-process:2.7.0] AndroidManifest.xml:27:13-37
271            <meta-data
271-->[androidx.lifecycle:lifecycle-process:2.7.0] AndroidManifest.xml:29:13-31:52
272                android:name="androidx.lifecycle.ProcessLifecycleInitializer"
272-->[androidx.lifecycle:lifecycle-process:2.7.0] AndroidManifest.xml:30:17-78
273                android:value="androidx.startup" />
273-->[androidx.lifecycle:lifecycle-process:2.7.0] AndroidManifest.xml:31:17-49
274            <meta-data
274-->[androidx.profileinstaller:profileinstaller:1.4.0] AndroidManifest.xml:29:13-31:52
275                android:name="androidx.profileinstaller.ProfileInstallerInitializer"
275-->[androidx.profileinstaller:profileinstaller:1.4.0] AndroidManifest.xml:30:17-85
276                android:value="androidx.startup" />
276-->[androidx.profileinstaller:profileinstaller:1.4.0] AndroidManifest.xml:31:17-49
277        </provider>
278
279        <meta-data
279-->[com.google.android.gms:play-services-basement:18.3.0] AndroidManifest.xml:21:9-23:69
280            android:name="com.google.android.gms.version"
280-->[com.google.android.gms:play-services-basement:18.3.0] AndroidManifest.xml:22:13-58
281            android:value="@integer/google_play_services_version" />
281-->[com.google.android.gms:play-services-basement:18.3.0] AndroidManifest.xml:23:13-66
282
283        <receiver
283-->[androidx.profileinstaller:profileinstaller:1.4.0] AndroidManifest.xml:34:9-52:20
284            android:name="androidx.profileinstaller.ProfileInstallReceiver"
284-->[androidx.profileinstaller:profileinstaller:1.4.0] AndroidManifest.xml:35:13-76
285            android:directBootAware="false"
285-->[androidx.profileinstaller:profileinstaller:1.4.0] AndroidManifest.xml:36:13-44
286            android:enabled="true"
286-->[androidx.profileinstaller:profileinstaller:1.4.0] AndroidManifest.xml:37:13-35
287            android:exported="true"
287-->[androidx.profileinstaller:profileinstaller:1.4.0] AndroidManifest.xml:38:13-36
288            android:permission="android.permission.DUMP" >
288-->[androidx.profileinstaller:profileinstaller:1.4.0] AndroidManifest.xml:39:13-57
289            <intent-filter>
289-->[androidx.profileinstaller:profileinstaller:1.4.0] AndroidManifest.xml:40:13-42:29
290                <action android:name="androidx.profileinstaller.action.INSTALL_PROFILE" />
290-->[androidx.profileinstaller:profileinstaller:1.4.0] AndroidManifest.xml:41:17-91
290-->[androidx.profileinstaller:profileinstaller:1.4.0] AndroidManifest.xml:41:25-88
291            </intent-filter>
292            <intent-filter>
292-->[androidx.profileinstaller:profileinstaller:1.4.0] AndroidManifest.xml:43:13-45:29
293                <action android:name="androidx.profileinstaller.action.SKIP_FILE" />
293-->[androidx.profileinstaller:profileinstaller:1.4.0] AndroidManifest.xml:44:17-85
293-->[androidx.profileinstaller:profileinstaller:1.4.0] AndroidManifest.xml:44:25-82
294            </intent-filter>
295            <intent-filter>
295-->[androidx.profileinstaller:profileinstaller:1.4.0] AndroidManifest.xml:46:13-48:29
296                <action android:name="androidx.profileinstaller.action.SAVE_PROFILE" />
296-->[androidx.profileinstaller:profileinstaller:1.4.0] AndroidManifest.xml:47:17-88
296-->[androidx.profileinstaller:profileinstaller:1.4.0] AndroidManifest.xml:47:25-85
297            </intent-filter>
298            <intent-filter>
298-->[androidx.profileinstaller:profileinstaller:1.4.0] AndroidManifest.xml:49:13-51:29
299                <action android:name="androidx.profileinstaller.action.BENCHMARK_OPERATION" />
299-->[androidx.profileinstaller:profileinstaller:1.4.0] AndroidManifest.xml:50:17-95
299-->[androidx.profileinstaller:profileinstaller:1.4.0] AndroidManifest.xml:50:25-92
300            </intent-filter>
301        </receiver>
302
303        <service
303-->[com.google.android.datatransport:transport-backend-cct:3.1.8] AndroidManifest.xml:28:9-34:19
304            android:name="com.google.android.datatransport.runtime.backends.TransportBackendDiscovery"